0 info it worked if it ends with ok
1 verbose cli [ 'D:\\Program Files\\nodejs\\node.exe',
1 verbose cli   'C:\\Users\\pC1\\AppData\\Roaming\\npm\\node_modules\\npm\\bin\\npm-cli.js',
1 verbose cli   'run',
1 verbose cli   'deply' ]
2 info using npm@3.8.6
3 info using node@v4.2.2
4 verbose stack Error: missing script: deply
4 verbose stack     at run (C:\Users\pC1\AppData\Roaming\npm\node_modules\npm\lib\run-script.js:147:19)
4 verbose stack     at C:\Users\pC1\AppData\Roaming\npm\node_modules\npm\lib\run-script.js:57:5
4 verbose stack     at C:\Users\pC1\AppData\Roaming\npm\node_modules\npm\node_modules\read-package-json\read-json.js:345:5
4 verbose stack     at checkBinReferences_ (C:\Users\pC1\AppData\Roaming\npm\node_modules\npm\node_modules\read-package-json\read-json.js:309:45)
4 verbose stack     at final (C:\Users\pC1\AppData\Roaming\npm\node_modules\npm\node_modules\read-package-json\read-json.js:343:3)
4 verbose stack     at then (C:\Users\pC1\AppData\Roaming\npm\node_modules\npm\node_modules\read-package-json\read-json.js:113:5)
4 verbose stack     at ReadFileContext.<anonymous> (C:\Users\pC1\AppData\Roaming\npm\node_modules\npm\node_modules\read-package-json\read-json.js:284:20)
4 verbose stack     at ReadFileContext.callback (C:\Users\pC1\AppData\Roaming\npm\node_modules\npm\node_modules\graceful-fs\graceful-fs.js:78:16)
4 verbose stack     at FSReqWrap.readFileAfterOpen [as oncomplete] (fs.js:303:13)
5 verbose cwd E:\test\webpack
6 error Windows_NT 6.1.7601
7 error argv "D:\\Program Files\\nodejs\\node.exe" "C:\\Users\\pC1\\AppData\\Roaming\\npm\\node_modules\\npm\\bin\\npm-cli.js" "run" "deply"
8 error node v4.2.2
9 error npm  v3.8.6
10 error missing script: deply
11 error If you need help, you may report this error at:
11 error     <https://github.com/npm/npm/issues>
12 verbose exit [ 1, true ]
